Traceback (most recent call last):
  File "/home/lcur0505/prophet/prophet.py", line 24, in <module>
srun: error: r30n1: task 0: Exited with exit code 1
    import scipy
ModuleNotFoundError: No module named 'scipy'
